\BOOKMARK [0][-]{chapter.1}{Introducci\363n}{}% 1
\BOOKMARK [1][-]{section.1.1}{L\341seres de Semiconductor}{chapter.1}% 2
\BOOKMARK [1][-]{section.1.2}{Procesos Estoc\341sticos}{chapter.1}% 3
\BOOKMARK [1][-]{section.1.3}{Din\341mica No Lineal}{chapter.1}% 4
\BOOKMARK [1][-]{section.1.4}{Peines de Frecuencia \323ptica}{chapter.1}% 5
\BOOKMARK [2][-]{subsection.1.4.1}{Gain-Switching}{section.1.4}% 6
\BOOKMARK [2][-]{subsection.1.4.2}{Inyecci\363n \323pticar}{section.1.4}% 7
\BOOKMARK [2][-]{subsection.1.4.3}{Aplicaciones}{section.1.4}% 8
\BOOKMARK [1][-]{section.1.5}{Objetivo del Estudio}{chapter.1}% 9
\BOOKMARK [0][-]{chapter.2}{Modelo Computacional}{}% 10
\BOOKMARK [1][-]{section.2.1}{RoF}{chapter.2}% 11
\BOOKMARK [1][-]{section.2.2}{C\363digo de la Simulaci\363n}{chapter.2}% 12
\BOOKMARK [0][-]{chapter.3}{L\341ser en solitario}{}% 13
\BOOKMARK [1][-]{section.3.1}{L\341ser en corriente continua}{chapter.3}% 14
\BOOKMARK [2][-]{subsection.3.1.1}{Espectros de emisi\363n}{section.3.1}% 15
\BOOKMARK [2][-]{subsection.3.1.2}{Transitorio}{section.3.1}% 16
\BOOKMARK [1][-]{section.3.2}{OFC \(Gain-Switching\)}{chapter.3}% 17
\BOOKMARK [2][-]{subsection.3.2.1}{Efecto de la amplitud de modulaci\363n a altas frecuencias}{section.3.2}% 18
\BOOKMARK [2][-]{subsection.3.2.2}{Efecto de la amplitud de modulaci\363n a bajas frecuencias}{section.3.2}% 19
\BOOKMARK [0][-]{chapter.4}{Inyeccion de Luz}{}% 20
\BOOKMARK [0][-]{chapter.5}{Inyeccion de luz en OFC}{}% 21
\BOOKMARK [0][-]{chapter.6}{Conclusiones}{}% 22
\BOOKMARK [0][-]{appendix.Alph1}{C\363digo de la simulaci\363n}{}% 23
